  [1m[36m (10.7ms)[0m  [1mCREATE TABLE "schema_migrations" ("version" varchar(255) NOT NULL) [0m
  [1m[35m (0.1ms)[0m  select sqlite_version(*)
  [1m[36m (5.8ms)[0m  [1mCREATE UNIQUE INDEX "unique_schema_migrations" ON "schema_migrations" ("version")[0m
  [1m[35mActiveRecord::SchemaMigration Load (0.1ms)[0m  SELECT "schema_migrations".* FROM "schema_migrations"
Migrating to CreateCountries (20140626220701)
  [1m[36m (0.1ms)[0m  [1mbegin transaction[0m
  [1m[35m (0.5ms)[0m  CREATE TABLE "countries" ("id" INTEGER PRIMARY KEY AUTOINCREMENT NOT NULL, "name" varchar(255), "language_id" integer, "created_at" datetime, "updated_at" datetime) 
  [1m[36mSQL (0.4ms)[0m  [1mINSERT INTO "schema_migrations" ("version") VALUES (?)[0m  [["version", "20140626220701"]]
  [1m[35m (8.6ms)[0m  commit transaction
Migrating to CreatePhrases (20140626220711)
  [1m[36m (0.1ms)[0m  [1mbegin transaction[0m
  [1m[35m (0.5ms)[0m  CREATE TABLE "phrases" ("id" INTEGER PRIMARY KEY AUTOINCREMENT NOT NULL, "language_id" integer, "hello" varchar(255), "please" varchar(255), "thanks" varchar(255), "bathroom" varchar(255), "created_at" datetime, "updated_at" datetime) 
  [1m[36mSQL (0.4ms)[0m  [1mINSERT INTO "schema_migrations" ("version") VALUES (?)[0m  [["version", "20140626220711"]]
  [1m[35m (6.0ms)[0m  commit transaction
Migrating to CreateImages (20140626220719)
  [1m[36m (0.1ms)[0m  [1mbegin transaction[0m
  [1m[35m (0.7ms)[0m  CREATE TABLE "images" ("id" INTEGER PRIMARY KEY AUTOINCREMENT NOT NULL, "country_id" integer, "url" varchar(255), "created_at" datetime, "updated_at" datetime) 
  [1m[36mSQL (0.5ms)[0m  [1mINSERT INTO "schema_migrations" ("version") VALUES (?)[0m  [["version", "20140626220719"]]
  [1m[35m (7.6ms)[0m  commit transaction
Migrating to CreateLanguages (20140626220722)
  [1m[36m (0.2ms)[0m  [1mbegin transaction[0m
  [1m[35m (1.2ms)[0m  CREATE TABLE "languages" ("id" INTEGER PRIMARY KEY AUTOINCREMENT NOT NULL, "name" varchar(255), "created_at" datetime, "updated_at" datetime) 
  [1m[36mSQL (0.5ms)[0m  [1mINSERT INTO "schema_migrations" ("version") VALUES (?)[0m  [["version", "20140626220722"]]
  [1m[35m (5.3ms)[0m  commit transaction
  [1m[36mActiveRecord::SchemaMigration Load (0.1ms)[0m  [1mSELECT "schema_migrations".* FROM "schema_migrations"[0m
  [1m[36mActiveRecord::SchemaMigration Load (0.2ms)[0m  [1mSELECT "schema_migrations".* FROM "schema_migrations"[0m
  [1m[36mActiveRecord::SchemaMigration Load (0.1ms)[0m  [1mSELECT "schema_migrations".* FROM "schema_migrations"[0m
  [1m[35m (0.1ms)[0m  begin transaction
  [1m[36mLanguage Exists (0.2ms)[0m  [1mSELECT  1 AS one FROM "languages"  WHERE "languages"."name" = 'English' LIMIT 1[0m
  [1m[35mSQL (1.0ms)[0m  INSERT INTO "languages" ("created_at", "name", "updated_at") VALUES (?, ?, ?)  [["created_at", "2014-06-26 22:23:44.817877"], ["name", "English"], ["updated_at", "2014-06-26 22:23:44.817877"]]
  [1m[36m (10.8ms)[0m  [1mcommit transaction[0m
  [1m[35m (0.1ms)[0m  begin transaction
  [1m[36mLanguage Exists (0.1ms)[0m  [1mSELECT  1 AS one FROM "languages"  WHERE "languages"."name" = 'Spanish' LIMIT 1[0m
  [1m[35mSQL (0.8ms)[0m  INSERT INTO "languages" ("created_at", "name", "updated_at") VALUES (?, ?, ?)  [["created_at", "2014-06-26 22:23:44.835989"], ["name", "Spanish"], ["updated_at", "2014-06-26 22:23:44.835989"]]
  [1m[36m (5.2ms)[0m  [1mcommit transaction[0m
  [1m[35m (0.1ms)[0m  begin transaction
  [1m[36mLanguage Exists (0.1ms)[0m  [1mSELECT  1 AS one FROM "languages"  WHERE "languages"."name" = 'French' LIMIT 1[0m
  [1m[35mSQL (1.0ms)[0m  INSERT INTO "languages" ("created_at", "name", "updated_at") VALUES (?, ?, ?)  [["created_at", "2014-06-26 22:23:44.844630"], ["name", "French"], ["updated_at", "2014-06-26 22:23:44.844630"]]
  [1m[36m (7.7ms)[0m  [1mcommit transaction[0m
  [1m[35m (0.1ms)[0m  begin transaction
  [1m[36mCountry Exists (0.1ms)[0m  [1mSELECT  1 AS one FROM "countries"  WHERE "countries"."name" = 'USA' LIMIT 1[0m
  [1m[35mSQL (0.7ms)[0m  INSERT INTO "countries" ("created_at", "language_id", "name", "updated_at") VALUES (?, ?, ?, ?)  [["created_at", "2014-06-26 22:23:44.865580"], ["language_id", 1], ["name", "USA"], ["updated_at", "2014-06-26 22:23:44.865580"]]
  [1m[36m (13.7ms)[0m  [1mcommit transaction[0m
  [1m[35m (0.1ms)[0m  begin transaction
  [1m[36mCountry Exists (0.1ms)[0m  [1mSELECT  1 AS one FROM "countries"  WHERE "countries"."name" = 'Spain' LIMIT 1[0m
  [1m[35mSQL (0.2ms)[0m  INSERT INTO "countries" ("created_at", "language_id", "name", "updated_at") VALUES (?, ?, ?, ?)  [["created_at", "2014-06-26 22:23:44.882700"], ["language_id", 2], ["name", "Spain"], ["updated_at", "2014-06-26 22:23:44.882700"]]
  [1m[36m (5.6ms)[0m  [1mcommit transaction[0m
  [1m[35m (0.1ms)[0m  begin transaction
  [1m[36mCountry Exists (0.1ms)[0m  [1mSELECT  1 AS one FROM "countries"  WHERE "countries"."name" = 'France' LIMIT 1[0m
  [1m[35mSQL (0.7ms)[0m  INSERT INTO "countries" ("created_at", "language_id", "name", "updated_at") VALUES (?, ?, ?, ?)  [["created_at", "2014-06-26 22:23:44.890789"], ["language_id", 3], ["name", "France"], ["updated_at", "2014-06-26 22:23:44.890789"]]
  [1m[36m (7.4ms)[0m  [1mcommit transaction[0m
  [1m[35m (0.1ms)[0m  begin transaction
  [1m[36mSQL (0.8ms)[0m  [1mINSERT INTO "phrases" ("bathroom", "created_at", "hello", "language_id", "please", "thanks", "updated_at") VALUES (?, ?, ?, ?, ?, ?, ?)[0m  [["bathroom", "Where is the bathroom?"], ["created_at", "2014-06-26 22:23:44.907453"], ["hello", "hello"], ["language_id", 1], ["please", "please"], ["thanks", "thanks"], ["updated_at", "2014-06-26 22:23:44.907453"]]
  [1m[35m (5.2ms)[0m  commit transaction
  [1m[36m (0.1ms)[0m  [1mbegin transaction[0m
  [1m[35mSQL (0.7ms)[0m  INSERT INTO "phrases" ("bathroom", "created_at", "hello", "language_id", "please", "thanks", "updated_at") VALUES (?, ?, ?, ?, ?, ?, ?)  [["bathroom", "Ou est trouvent les toilettes?"], ["created_at", "2014-06-26 22:23:44.915154"], ["hello", "hola"], ["language_id", 2], ["please", "por favor"], ["thanks", "gracias"], ["updated_at", "2014-06-26 22:23:44.915154"]]
  [1m[36m (6.8ms)[0m  [1mcommit transaction[0m
  [1m[35m (0.1ms)[0m  begin transaction
  [1m[36mSQL (0.8ms)[0m  [1mINSERT INTO "phrases" ("bathroom", "created_at", "hello", "language_id", "please", "thanks", "updated_at") VALUES (?, ?, ?, ?, ?, ?, ?)[0m  [["bathroom", "Donde esta el bano?"], ["created_at", "2014-06-26 22:23:44.924461"], ["hello", "bonjour"], ["language_id", 3], ["please", "s'il vous plait"], ["thanks", "merci"], ["updated_at", "2014-06-26 22:23:44.924461"]]
  [1m[35m (5.2ms)[0m  commit transaction
  [1m[36mLanguage Load (2.4ms)[0m  [1mSELECT "languages".* FROM "languages"[0m
  [1m[35mPhrase Load (0.4ms)[0m  SELECT "phrases".* FROM "phrases"
  [1m[36mCountry Load (0.3ms)[0m  [1mSELECT "countries".* FROM "countries"[0m
  [1m[35mCountry Load (0.3ms)[0m  SELECT  "countries".* FROM "countries"  WHERE "countries"."id" = ? LIMIT 1  [["id", 1]]
  [1m[36mCountry Load (0.2ms)[0m  [1mSELECT  "countries".* FROM "countries"  WHERE "countries"."id" = ? LIMIT 1[0m  [["id", 1]]
  [1m[35mCountry Load (0.3ms)[0m  SELECT "countries".* FROM "countries" INNER JOIN "languages" ON "countries"."language_id" = "languages"."id" WHERE "languages"."id" = ?  [["id", 1]]
  [1m[36mCountry Load (0.2ms)[0m  [1mSELECT  "countries".* FROM "countries"  WHERE "countries"."id" = ? LIMIT 1[0m  [["id", 1]]
  [1m[36mCountry Load (0.2ms)[0m  [1mSELECT  "countries".* FROM "countries"  WHERE "countries"."id" = ? LIMIT 1[0m  [["id", 1]]
  [1m[35mPhrase Load (0.2ms)[0m  SELECT "phrases".* FROM "phrases"  WHERE "phrases"."language_id" = ?  [["language_id", 1]]
  [1m[36m (19.9ms)[0m  [1mCREATE TABLE "schema_migrations" ("version" varchar(255) NOT NULL) [0m
  [1m[35m (0.1ms)[0m  select sqlite_version(*)
  [1m[36m (47.0ms)[0m  [1mCREATE UNIQUE INDEX "unique_schema_migrations" ON "schema_migrations" ("version")[0m
  [1m[35mActiveRecord::SchemaMigration Load (0.1ms)[0m  SELECT "schema_migrations".* FROM "schema_migrations"
Migrating to CreateCountries (20140626220701)
  [1m[36m (0.1ms)[0m  [1mbegin transaction[0m
  [1m[35m (0.7ms)[0m  CREATE TABLE "countries" ("id" INTEGER PRIMARY KEY AUTOINCREMENT NOT NULL, "name" varchar(255), "language_id" integer, "created_at" datetime, "updated_at" datetime) 
  [1m[36mSQL (0.6ms)[0m  [1mINSERT INTO "schema_migrations" ("version") VALUES (?)[0m  [["version", "20140626220701"]]
  [1m[35m (10.6ms)[0m  commit transaction
Migrating to CreatePhrases (20140626220711)
  [1m[36m (0.1ms)[0m  [1mbegin transaction[0m
  [1m[35m (0.7ms)[0m  CREATE TABLE "phrases" ("id" INTEGER PRIMARY KEY AUTOINCREMENT NOT NULL, "language_id" integer, "hello" varchar(255), "please" varchar(255), "thanks" varchar(255), "bathroom" varchar(255), "created_at" datetime, "updated_at" datetime) 
  [1m[36mSQL (0.6ms)[0m  [1mINSERT INTO "schema_migrations" ("version") VALUES (?)[0m  [["version", "20140626220711"]]
  [1m[35m (17.4ms)[0m  commit transaction
Migrating to CreateImages (20140626220719)
  [1m[36m (0.1ms)[0m  [1mbegin transaction[0m
  [1m[35m (0.3ms)[0m  CREATE TABLE "images" ("id" INTEGER PRIMARY KEY AUTOINCREMENT NOT NULL, "country_id" integer, "url" varchar(255), "created_at" datetime, "updated_at" datetime) 
  [1m[36mSQL (0.2ms)[0m  [1mINSERT INTO "schema_migrations" ("version") VALUES (?)[0m  [["version", "20140626220719"]]
  [1m[35m (9.0ms)[0m  commit transaction
Migrating to CreateLanguages (20140626220722)
  [1m[36m (0.1ms)[0m  [1mbegin transaction[0m
  [1m[35m (0.8ms)[0m  CREATE TABLE "languages" ("id" INTEGER PRIMARY KEY AUTOINCREMENT NOT NULL, "name" varchar(255), "created_at" datetime, "updated_at" datetime) 
  [1m[36mSQL (0.6ms)[0m  [1mINSERT INTO "schema_migrations" ("version") VALUES (?)[0m  [["version", "20140626220722"]]
  [1m[35m (14.5ms)[0m  commit transaction
  [1m[36mActiveRecord::SchemaMigration Load (0.1ms)[0m  [1mSELECT "schema_migrations".* FROM "schema_migrations"[0m
  [1m[36mActiveRecord::SchemaMigration Load (0.1ms)[0m  [1mSELECT "schema_migrations".* FROM "schema_migrations"[0m
  [1m[35m (0.1ms)[0m  begin transaction
  [1m[36mLanguage Exists (0.1ms)[0m  [1mSELECT  1 AS one FROM "languages"  WHERE "languages"."name" = 'English' LIMIT 1[0m
  [1m[35mSQL (0.9ms)[0m  INSERT INTO "languages" ("created_at", "name", "updated_at") VALUES (?, ?, ?)  [["created_at", "2014-06-26 22:35:04.991774"], ["name", "English"], ["updated_at", "2014-06-26 22:35:04.991774"]]
  [1m[36m (13.1ms)[0m  [1mcommit transaction[0m
  [1m[35m (0.1ms)[0m  begin transaction
  [1m[36mLanguage Exists (0.1ms)[0m  [1mSELECT  1 AS one FROM "languages"  WHERE "languages"."name" = 'Spanish' LIMIT 1[0m
  [1m[35mSQL (0.8ms)[0m  INSERT INTO "languages" ("created_at", "name", "updated_at") VALUES (?, ?, ?)  [["created_at", "2014-06-26 22:35:05.010137"], ["name", "Spanish"], ["updated_at", "2014-06-26 22:35:05.010137"]]
  [1m[36m (54.2ms)[0m  [1mcommit transaction[0m
  [1m[35m (0.2ms)[0m  begin transaction
  [1m[36mLanguage Exists (0.4ms)[0m  [1mSELECT  1 AS one FROM "languages"  WHERE "languages"."name" = 'French' LIMIT 1[0m
  [1m[35mSQL (1.6ms)[0m  INSERT INTO "languages" ("created_at", "name", "updated_at") VALUES (?, ?, ?)  [["created_at", "2014-06-26 22:35:05.074777"], ["name", "French"], ["updated_at", "2014-06-26 22:35:05.074777"]]
  [1m[36m (9.5ms)[0m  [1mcommit transaction[0m
  [1m[35m (0.1ms)[0m  begin transaction
  [1m[36mCountry Exists (0.1ms)[0m  [1mSELECT  1 AS one FROM "countries"  WHERE "countries"."name" = 'USA' LIMIT 1[0m
  [1m[35mSQL (0.9ms)[0m  INSERT INTO "countries" ("created_at", "language_id", "name", "updated_at") VALUES (?, ?, ?, ?)  [["created_at", "2014-06-26 22:35:05.107229"], ["language_id", 1], ["name", "USA"], ["updated_at", "2014-06-26 22:35:05.107229"]]
  [1m[36m (5.4ms)[0m  [1mcommit transaction[0m
  [1m[35m (0.1ms)[0m  begin transaction
  [1m[36mCountry Exists (0.1ms)[0m  [1mSELECT  1 AS one FROM "countries"  WHERE "countries"."name" = 'Spain' LIMIT 1[0m
  [1m[35mSQL (0.7ms)[0m  INSERT INTO "countries" ("created_at", "language_id", "name", "updated_at") VALUES (?, ?, ?, ?)  [["created_at", "2014-06-26 22:35:05.116111"], ["language_id", 2], ["name", "Spain"], ["updated_at", "2014-06-26 22:35:05.116111"]]
  [1m[36m (5.1ms)[0m  [1mcommit transaction[0m
  [1m[35m (0.1ms)[0m  begin transaction
  [1m[36mCountry Exists (0.1ms)[0m  [1mSELECT  1 AS one FROM "countries"  WHERE "countries"."name" = 'France' LIMIT 1[0m
  [1m[35mSQL (0.7ms)[0m  INSERT INTO "countries" ("created_at", "language_id", "name", "updated_at") VALUES (?, ?, ?, ?)  [["created_at", "2014-06-26 22:35:05.124057"], ["language_id", 3], ["name", "France"], ["updated_at", "2014-06-26 22:35:05.124057"]]
  [1m[36m (4.9ms)[0m  [1mcommit transaction[0m
  [1m[35m (0.1ms)[0m  begin transaction
  [1m[36mSQL (0.7ms)[0m  [1mINSERT INTO "phrases" ("bathroom", "created_at", "hello", "language_id", "please", "thanks", "updated_at") VALUES (?, ?, ?, ?, ?, ?, ?)[0m  [["bathroom", "Where is the bathroom?"], ["created_at", "2014-06-26 22:35:05.137689"], ["hello", "hello"], ["language_id", 1], ["please", "please"], ["thanks", "thanks"], ["updated_at", "2014-06-26 22:35:05.137689"]]
  [1m[35m (6.0ms)[0m  commit transaction
  [1m[36m (0.1ms)[0m  [1mbegin transaction[0m
  [1m[35mSQL (0.7ms)[0m  INSERT INTO "phrases" ("bathroom", "created_at", "hello", "language_id", "please", "thanks", "updated_at") VALUES (?, ?, ?, ?, ?, ?, ?)  [["bathroom", "Ou est trouvent les toilettes?"], ["created_at", "2014-06-26 22:35:05.146109"], ["hello", "hola"], ["language_id", 2], ["please", "por favor"], ["thanks", "gracias"], ["updated_at", "2014-06-26 22:35:05.146109"]]
  [1m[36m (5.6ms)[0m  [1mcommit transaction[0m
  [1m[35m (0.1ms)[0m  begin transaction
  [1m[36mSQL (0.7ms)[0m  [1mINSERT INTO "phrases" ("bathroom", "created_at", "hello", "language_id", "please", "thanks", "updated_at") VALUES (?, ?, ?, ?, ?, ?, ?)[0m  [["bathroom", "Donde esta el bano?"], ["created_at", "2014-06-26 22:35:05.153896"], ["hello", "bonjour"], ["language_id", 3], ["please", "s'il vous plait"], ["thanks", "merci"], ["updated_at", "2014-06-26 22:35:05.153896"]]
  [1m[35m (5.6ms)[0m  commit transaction
  [1m[36m (0.1ms)[0m  [1mbegin transaction[0m
  [1m[35mSQL (0.8ms)[0m  INSERT INTO "images" ("country_id", "created_at", "updated_at", "url") VALUES (?, ?, ?, ?)  [["country_id", 1], ["created_at", "2014-06-26 22:35:05.167312"], ["updated_at", "2014-06-26 22:35:05.167312"], ["url", "http://www.scti.com.au/media/1059/travel-insurance-for-usa.jpg"]]
  [1m[36m (8.7ms)[0m  [1mcommit transaction[0m
  [1m[35m (0.1ms)[0m  begin transaction
  [1m[36mSQL (0.9ms)[0m  [1mINSERT INTO "images" ("country_id", "created_at", "updated_at", "url") VALUES (?, ?, ?, ?)[0m  [["country_id", 1], ["created_at", "2014-06-26 22:35:05.179520"], ["updated_at", "2014-06-26 22:35:05.179520"], ["url", "http://www.itesolcourse.com/images/location/usa-travel.jpg"]]
  [1m[35m (6.5ms)[0m  commit transaction
  [1m[36m (0.1ms)[0m  [1mbegin transaction[0m
  [1m[35mSQL (0.8ms)[0m  INSERT INTO "images" ("country_id", "created_at", "updated_at", "url") VALUES (?, ?, ?, ?)  [["country_id", 1], ["created_at", "2014-06-26 22:35:05.188979"], ["updated_at", "2014-06-26 22:35:05.188979"], ["url", "http://www.foley.com/files/Office/8766eedf-e4b8-42fe-9c37-4f8383686c0d/Presentation/OfficePhoto/washingtondc.jpg"]]
  [1m[36m (5.5ms)[0m  [1mcommit transaction[0m
  [1m[35m (0.1ms)[0m  begin transaction
  [1m[36mSQL (0.7ms)[0m  [1mINSERT INTO "images" ("country_id", "created_at", "updated_at", "url") VALUES (?, ?, ?, ?)[0m  [["country_id", 1], ["created_at", "2014-06-26 22:35:05.196800"], ["updated_at", "2014-06-26 22:35:05.196800"], ["url", "http://upload.wikimedia.org/wikipedia/commons/thumb/d/da/SF_From_Marin_Highlands3.jpg/1280px-SF_From_Marin_Highlands3.jpg"]]
  [1m[35m (5.8ms)[0m  commit transaction
  [1m[36m (0.1ms)[0m  [1mbegin transaction[0m
  [1m[35mSQL (0.7ms)[0m  INSERT INTO "images" ("country_id", "created_at", "updated_at", "url") VALUES (?, ?, ?, ?)  [["country_id", 2], ["created_at", "2014-06-26 22:35:05.204724"], ["updated_at", "2014-06-26 22:35:05.204724"], ["url", "https://www.tripextras.com/files/countries/spain_basilicadelpilar.jpg"]]
  [1m[36m (4.7ms)[0m  [1mcommit transaction[0m
  [1m[35m (0.1ms)[0m  begin transaction
  [1m[36mSQL (0.7ms)[0m  [1mINSERT INTO "images" ("country_id", "created_at", "updated_at", "url") VALUES (?, ?, ?, ?)[0m  [["country_id", 2], ["created_at", "2014-06-26 22:35:05.211543"], ["updated_at", "2014-06-26 22:35:05.211543"], ["url", "http://www.fodors.com/world/images/destinations/668/spain.jpg"]]
  [1m[35m (7.3ms)[0m  commit transaction
  [1m[36m (0.1ms)[0m  [1mbegin transaction[0m
  [1m[35mSQL (0.7ms)[0m  INSERT INTO "images" ("country_id", "created_at", "updated_at", "url") VALUES (?, ?, ?, ?)  [["country_id", 2], ["created_at", "2014-06-26 22:35:05.221107"], ["updated_at", "2014-06-26 22:35:05.221107"], ["url", "http://www.fantom-xp.com/wallpapers/63/Travel_Spain.jpg"]]
  [1m[36m (5.9ms)[0m  [1mcommit transaction[0m
  [1m[35m (0.1ms)[0m  begin transaction
  [1m[36mSQL (0.9ms)[0m  [1mINSERT INTO "images" ("country_id", "created_at", "updated_at", "url") VALUES (?, ?, ?, ?)[0m  [["country_id", 2], ["created_at", "2014-06-26 22:35:05.229224"], ["updated_at", "2014-06-26 22:35:05.229224"], ["url", "http://www.survivalspain.com/img/spain-travel-guide-homepage.jpg"]]
  [1m[35m (5.7ms)[0m  commit transaction
  [1m[36m (0.1ms)[0m  [1mbegin transaction[0m
  [1m[35mSQL (0.7ms)[0m  INSERT INTO "images" ("country_id", "created_at", "updated_at", "url") VALUES (?, ?, ?, ?)  [["country_id", 3], ["created_at", "2014-06-26 22:35:05.237315"], ["updated_at", "2014-06-26 22:35:05.237315"], ["url", "http://www.wallcoo.net/human/france/images/%5Bwallcoo%5D_france_travel_france_EF004.jpg"]]
  [1m[36m (5.6ms)[0m  [1mcommit transaction[0m
  [1m[35m (0.1ms)[0m  begin transaction
  [1m[36mSQL (0.7ms)[0m  [1mINSERT INTO "images" ("country_id", "created_at", "updated_at", "url") VALUES (?, ?, ?, ?)[0m  [["country_id", 3], ["created_at", "2014-06-26 22:35:05.245029"], ["updated_at", "2014-06-26 22:35:05.245029"], ["url", "http://traveldealslady.com/wp-content/uploads/Paris-France-travel-tour-traveltours-travel-agent-deals.jpg"]]
  [1m[35m (4.8ms)[0m  commit transaction
  [1m[36m (0.0ms)[0m  [1mbegin transaction[0m
  [1m[35mSQL (1.0ms)[0m  INSERT INTO "images" ("country_id", "created_at", "updated_at", "url") VALUES (?, ?, ?, ?)  [["country_id", 3], ["created_at", "2014-06-26 22:35:05.251955"], ["updated_at", "2014-06-26 22:35:05.251955"], ["url", "http://www.francetravelguide.com/files/2011/11/3952987239_3b29d282b5_z.jpg"]]
  [1m[36m (5.2ms)[0m  [1mcommit transaction[0m
  [1m[35m (0.0ms)[0m  begin transaction
  [1m[36mSQL (0.7ms)[0m  [1mINSERT INTO "images" ("country_id", "created_at", "updated_at", "url") VALUES (?, ?, ?, ?)[0m  [["country_id", 3], ["created_at", "2014-06-26 22:35:05.259474"], ["updated_at", "2014-06-26 22:35:05.259474"], ["url", "http://www.fodors.com/world/images/destinations/231/ile-de-france.jpg"]]
  [1m[35m (6.1ms)[0m  commit transaction
